[1.226s] DEBUG:colcon:Command line arguments: ['/usr/bin/colcon', 'build']
[1.226s] DEBUG:colcon:Parsed command line arguments: Namespace(log_base=None, log_level=None, verb_name='build', build_base='build', install_base='install', merge_install=False, symlink_install=False, test_result_base=None, continue_on_error=False, executor='parallel', parallel_workers=8, event_handlers=None, ignore_user_meta=False, metas=['./colcon.meta'], base_paths=['.'], packages_ignore=None, packages_ignore_regex=None, paths=None, packages_up_to=None, packages_up_to_regex=None, packages_above=None, packages_above_and_dependencies=None, packages_above_depth=None, packages_select_by_dep=None, packages_skip_by_dep=None, packages_skip_up_to=None, packages_select_build_failed=False, packages_skip_build_finished=False, packages_select_test_failures=False, packages_skip_test_passed=False, packages_select=None, packages_skip=None, packages_select_regex=None, packages_skip_regex=None, packages_start=None, packages_end=None, allow_overriding=[], cmake_args=None, cmake_target=None, cmake_target_skip_unavailable=False, cmake_clean_cache=False, cmake_clean_first=False, cmake_force_configure=False, ament_cmake_args=None, catkin_cmake_args=None, catkin_skip_building_tests=False, verb_parser=<colcon_defaults.argument_parser.defaults.DefaultArgumentsDecorator object at 0x7f3608645c30>, verb_extension=<colcon_core.verb.build.BuildVerb object at 0x7f3608645540>, main=<bound method BuildVerb.main of <colcon_core.verb.build.BuildVerb object at 0x7f3608645540>>)
[1.276s] Level 1:colcon.colcon_core.package_discovery:discover_packages(colcon_meta) check parameters
[1.276s] Level 1:colcon.colcon_core.package_discovery:discover_packages(recursive) check parameters
[1.276s] Level 1:colcon.colcon_core.package_discovery:discover_packages(ignore) check parameters
[1.276s] Level 1:colcon.colcon_core.package_discovery:discover_packages(path) check parameters
[1.276s] Level 1:colcon.colcon_core.package_discovery:discover_packages(colcon_meta) discover
[1.276s] Level 1:colcon.colcon_core.package_discovery:discover_packages(recursive) discover
[1.276s] INFO:colcon.colcon_core.package_discovery:Crawling recursively for packages in '/home/simon/Workspace/odrive_hw_interface'
[1.276s] Level 1:colcon.colcon_core.package_identification:_identify(.) by extensions ['ignore', 'ignore_ament_install']
[1.276s] Level 1:colcon.colcon_core.package_identification:_identify(.) by extension 'ignore'
[1.277s] Level 1:colcon.colcon_core.package_identification:_identify(.) by extension 'ignore_ament_install'
[1.277s] Level 1:colcon.colcon_core.package_identification:_identify(.) by extensions ['colcon_pkg']
[1.277s] Level 1:colcon.colcon_core.package_identification:_identify(.) by extension 'colcon_pkg'
[1.277s] Level 1:colcon.colcon_core.package_identification:_identify(.) by extensions ['colcon_meta']
[1.277s] Level 1:colcon.colcon_core.package_identification:_identify(.) by extension 'colcon_meta'
[1.277s] Level 1:colcon.colcon_core.package_identification:_identify(.) by extensions ['ros']
[1.277s] Level 1:colcon.colcon_core.package_identification:_identify(.) by extension 'ros'
[1.289s] DEBUG:colcon.colcon_core.package_identification:Package '.' with type 'ros.ament_cmake' and name 'odrive_hw_interface'
[1.289s] Level 1:colcon.colcon_core.package_discovery:discover_packages(recursive) using defaults
[1.289s] Level 1:colcon.colcon_core.package_discovery:discover_packages(ignore) discover
[1.289s] Level 1:colcon.colcon_core.package_discovery:discover_packages(ignore) using defaults
[1.289s] Level 1:colcon.colcon_core.package_discovery:discover_packages(path) discover
[1.289s] Level 1:colcon.colcon_core.package_discovery:discover_packages(path) using defaults
[1.387s] Level 1:colcon.colcon_core.package_discovery:discover_packages(prefix_path) check parameters
[1.387s] Level 1:colcon.colcon_core.package_discovery:discover_packages(prefix_path) discover
[1.423s] DEBUG:colcon.colcon_installed_package_information.package_discovery:Found 309 installed packages in /opt/ros/humble
[1.424s] Level 1:colcon.colcon_core.package_discovery:discover_packages(prefix_path) using defaults
[1.533s] Level 5:colcon.colcon_core.verb:set package 'odrive_hw_interface' build argument 'cmake_args' from command line to 'None'
[1.533s] Level 5:colcon.colcon_core.verb:set package 'odrive_hw_interface' build argument 'cmake_target' from command line to 'None'
[1.533s] Level 5:colcon.colcon_core.verb:set package 'odrive_hw_interface' build argument 'cmake_target_skip_unavailable' from command line to 'False'
[1.533s] Level 5:colcon.colcon_core.verb:set package 'odrive_hw_interface' build argument 'cmake_clean_cache' from command line to 'False'
[1.533s] Level 5:colcon.colcon_core.verb:set package 'odrive_hw_interface' build argument 'cmake_clean_first' from command line to 'False'
[1.533s] Level 5:colcon.colcon_core.verb:set package 'odrive_hw_interface' build argument 'cmake_force_configure' from command line to 'False'
[1.533s] Level 5:colcon.colcon_core.verb:set package 'odrive_hw_interface' build argument 'ament_cmake_args' from command line to 'None'
[1.533s] Level 5:colcon.colcon_core.verb:set package 'odrive_hw_interface' build argument 'catkin_cmake_args' from command line to 'None'
[1.533s] Level 5:colcon.colcon_core.verb:set package 'odrive_hw_interface' build argument 'catkin_skip_building_tests' from command line to 'False'
[1.533s] DEBUG:colcon.colcon_core.verb:Building package 'odrive_hw_interface' with the following arguments: {'ament_cmake_args': None, 'build_base': '/home/simon/Workspace/odrive_hw_interface/build/odrive_hw_interface', 'catkin_cmake_args': None, 'catkin_skip_building_tests': False, 'cmake_args': None, 'cmake_clean_cache': False, 'cmake_clean_first': False, 'cmake_force_configure': False, 'cmake_target': None, 'cmake_target_skip_unavailable': False, 'install_base': '/home/simon/Workspace/odrive_hw_interface/install/odrive_hw_interface', 'merge_install': False, 'path': '/home/simon/Workspace/odrive_hw_interface', 'symlink_install': False, 'test_result_base': None}
[1.547s] INFO:colcon.colcon_core.executor:Executing jobs using 'parallel' executor
[1.563s] DEBUG:colcon.colcon_parallel_executor.executor.parallel:run_until_complete
[1.563s] INFO:colcon.colcon_ros.task.ament_cmake.build:Building ROS package in '/home/simon/Workspace/odrive_hw_interface' with build type 'ament_cmake'
[1.563s] INFO:colcon.colcon_cmake.task.cmake.build:Building CMake package in '/home/simon/Workspace/odrive_hw_interface'
[1.581s] INFO:colcon.colcon_core.plugin_system:Skipping extension 'colcon_core.shell.bat': Not used on non-Windows systems
[1.582s] INFO:colcon.colcon_core.shell:Skip shell extension 'powershell' for command environment: Not usable outside of PowerShell
[1.582s] DEBUG:colcon.colcon_core.shell:Skip shell extension 'dsv' for command environment
[1.633s] DEBUG:colcon.colcon_core.event_handler.log_command:Invoking command in '/home/simon/Workspace/odrive_hw_interface/build/odrive_hw_interface': CMAKE_PREFIX_PATH=/opt/ros/humble /usr/bin/cmake /home/simon/Workspace/odrive_hw_interface -DCMAKE_INSTALL_PREFIX=/home/simon/Workspace/odrive_hw_interface/install/odrive_hw_interface
[3.505s] DEBUG:colcon.colcon_core.event_handler.log_command:Invoked command in '/home/simon/Workspace/odrive_hw_interface/build/odrive_hw_interface' returned '1': CMAKE_PREFIX_PATH=/opt/ros/humble /usr/bin/cmake /home/simon/Workspace/odrive_hw_interface -DCMAKE_INSTALL_PREFIX=/home/simon/Workspace/odrive_hw_interface/install/odrive_hw_interface
[3.517s] Level 1:colcon.colcon_core.environment:create_environment_scripts_only(odrive_hw_interface)
[3.534s] Level 1:colcon.colcon_core.environment:checking '/home/simon/Workspace/odrive_hw_interface/install/odrive_hw_interface' for CMake module files
[3.534s] Level 1:colcon.colcon_core.environment:checking '/home/simon/Workspace/odrive_hw_interface/install/odrive_hw_interface' for CMake config files
[3.535s] Level 1:colcon.colcon_core.environment:checking '/home/simon/Workspace/odrive_hw_interface/install/odrive_hw_interface/bin'
[3.535s] Level 1:colcon.colcon_core.environment:checking '/home/simon/Workspace/odrive_hw_interface/install/odrive_hw_interface/lib/pkgconfig/odrive_hw_interface.pc'
[3.535s] Level 1:colcon.colcon_core.environment:checking '/home/simon/Workspace/odrive_hw_interface/install/odrive_hw_interface/lib/python3.10/site-packages'
[3.535s] Level 1:colcon.colcon_core.environment:checking '/home/simon/Workspace/odrive_hw_interface/install/odrive_hw_interface/bin'
[3.550s] INFO:colcon.colcon_core.shell:Creating package script '/home/simon/Workspace/odrive_hw_interface/install/odrive_hw_interface/share/odrive_hw_interface/package.ps1'
[3.551s] INFO:colcon.colcon_core.shell:Creating package descriptor '/home/simon/Workspace/odrive_hw_interface/install/odrive_hw_interface/share/odrive_hw_interface/package.dsv'
[3.551s] INFO:colcon.colcon_core.shell:Creating package script '/home/simon/Workspace/odrive_hw_interface/install/odrive_hw_interface/share/odrive_hw_interface/package.sh'
[3.551s] INFO:colcon.colcon_core.shell:Creating package script '/home/simon/Workspace/odrive_hw_interface/install/odrive_hw_interface/share/odrive_hw_interface/package.bash'
[3.552s] INFO:colcon.colcon_core.shell:Creating package script '/home/simon/Workspace/odrive_hw_interface/install/odrive_hw_interface/share/odrive_hw_interface/package.zsh'
[3.552s] Level 1:colcon.colcon_core.environment:create_file_with_runtime_dependencies(/home/simon/Workspace/odrive_hw_interface/install/odrive_hw_interface/share/colcon-core/packages/odrive_hw_interface)
[3.563s] DEBUG:colcon.colcon_parallel_executor.executor.parallel:closing loop
[3.563s] DEBUG:colcon.colcon_parallel_executor.executor.parallel:loop closed
[3.563s] DEBUG:colcon.colcon_parallel_executor.executor.parallel:run_until_complete finished with '1'
[3.563s] DEBUG:colcon.colcon_core.event_reactor:joining thread
[3.587s] INFO:colcon.colcon_core.plugin_system:Skipping extension 'colcon_notification.desktop_notification.terminal_notifier': Not used on non-Darwin systems
[3.587s] INFO:colcon.colcon_core.plugin_system:Skipping extension 'colcon_notification.desktop_notification.win32': Not used on non-Windows systems
[3.587s] INFO:colcon.colcon_notification.desktop_notification:Sending desktop notification using 'notify2'
[3.609s] DEBUG:colcon.colcon_core.event_reactor:joined thread
[3.635s] INFO:colcon.colcon_core.shell:Creating prefix script '/home/simon/Workspace/odrive_hw_interface/install/local_setup.ps1'
[3.636s] INFO:colcon.colcon_core.shell:Creating prefix util module '/home/simon/Workspace/odrive_hw_interface/install/_local_setup_util_ps1.py'
[3.637s] INFO:colcon.colcon_core.shell:Creating prefix chain script '/home/simon/Workspace/odrive_hw_interface/install/setup.ps1'
[3.661s] INFO:colcon.colcon_core.shell:Creating prefix script '/home/simon/Workspace/odrive_hw_interface/install/local_setup.sh'
[3.662s] INFO:colcon.colcon_core.shell:Creating prefix util module '/home/simon/Workspace/odrive_hw_interface/install/_local_setup_util_sh.py'
[3.663s] INFO:colcon.colcon_core.shell:Creating prefix chain script '/home/simon/Workspace/odrive_hw_interface/install/setup.sh'
[3.686s] INFO:colcon.colcon_core.shell:Creating prefix script '/home/simon/Workspace/odrive_hw_interface/install/local_setup.bash'
[3.687s] INFO:colcon.colcon_core.shell:Creating prefix chain script '/home/simon/Workspace/odrive_hw_interface/install/setup.bash'
[3.709s] INFO:colcon.colcon_core.shell:Creating prefix script '/home/simon/Workspace/odrive_hw_interface/install/local_setup.zsh'
[3.709s] INFO:colcon.colcon_core.shell:Creating prefix chain script '/home/simon/Workspace/odrive_hw_interface/install/setup.zsh'
