[0.069s] Invoking command in '/home/simon/Workspace/odrive_hw_interface/build/odrive_hw_interface': CMAKE_PREFIX_PATH=/opt/ros/humble /usr/bin/cmake /home/simon/Workspace/odrive_hw_interface -DCMAKE_INSTALL_PREFIX=/home/simon/Workspace/odrive_hw_interface/install/odrive_hw_interface
[0.123s] -- The C compiler identification is GNU 11.4.0
[0.181s] -- The CXX compiler identification is GNU 11.4.0
[0.188s] -- Detecting C compiler ABI info
[0.261s] -- Detecting C compiler ABI info - done
[0.269s] -- Check for working C compiler: /usr/bin/cc - skipped
[0.270s] -- Detecting C compile features
[0.270s] -- Detecting C compile features - done
[0.273s] -- Detecting CXX compiler ABI info
[0.419s] -- Detecting CXX compiler ABI info - done
[0.442s] -- Check for working CXX compiler: /usr/bin/c++ - skipped
[0.442s] -- Detecting CXX compile features
[0.443s] -- Detecting CXX compile features - done
[0.448s] -- Found ament_cmake: 1.3.6 (/opt/ros/humble/share/ament_cmake/cmake)
[0.633s] -- Found Python3: /usr/bin/python3.10 (found version "3.10.12") found components: Interpreter 
[0.734s] -- Found hardware_interface: 2.36.0 (/opt/ros/humble/share/hardware_interface/cmake)
[0.768s] -- Found rosidl_generator_c: 3.1.5 (/opt/ros/humble/share/rosidl_generator_c/cmake)
[0.772s] -- Found rosidl_adapter: 3.1.5 (/opt/ros/humble/share/rosidl_adapter/cmake)
[0.779s] -- Found rosidl_generator_cpp: 3.1.5 (/opt/ros/humble/share/rosidl_generator_cpp/cmake)
[0.791s] -- Using all available rosidl_typesupport_c: rosidl_typesupport_fastrtps_c;rosidl_typesupport_introspection_c
[0.810s] -- Using all available rosidl_typesupport_cpp: rosidl_typesupport_fastrtps_cpp;rosidl_typesupport_introspection_cpp
[1.487s] -- Found rmw_implementation_cmake: 6.1.1 (/opt/ros/humble/share/rmw_implementation_cmake/cmake)
[1.489s] -- Found rmw_fastrtps_cpp: 6.2.5 (/opt/ros/humble/share/rmw_fastrtps_cpp/cmake)
[1.524s] -- Found TinyXML2 via Config file: TinyXML2_DIR-NOTFOUND
[1.569s] -- Found OpenSSL: /usr/lib/x86_64-linux-gnu/libcrypto.so (found version "3.0.2")  
[1.572s] -- Found TinyXML2 via Config file: TinyXML2_DIR-NOTFOUND
[1.584s] -- Found FastRTPS: /opt/ros/humble/include  
[1.593s] -- Found TinyXML2 via Config file: TinyXML2_DIR-NOTFOUND
[1.601s] -- Found TinyXML2 via Config file: TinyXML2_DIR-NOTFOUND
[1.609s] -- Using RMW implementation 'rmw_fastrtps_cpp' as default
[1.619s] -- Looking for pthread.h
[1.688s] -- Looking for pthread.h - found
[1.688s] -- Performing Test CMAKE_HAVE_LIBC_PTHREAD
[1.767s] -- Performing Test CMAKE_HAVE_LIBC_PTHREAD - Success
[1.768s] -- Found Threads: TRUE  
[1.931s] [31mCMake Error at /opt/ros/humble/share/ament_cmake_target_dependencies/cmake/ament_target_dependencies.cmake:42 (message):
[1.931s]   ament_target_dependencies() the first argument must be a valid target name
[1.931s] Call Stack (most recent call first):
[1.931s]   CMakeLists.txt:25 (ament_target_dependencies)
[1.931s] 
[1.931s] [0m
[1.931s] -- Configuring incomplete, errors occurred!
[1.931s] See also "/home/simon/Workspace/odrive_hw_interface/build/odrive_hw_interface/CMakeFiles/CMakeOutput.log".
[1.942s] Invoked command in '/home/simon/Workspace/odrive_hw_interface/build/odrive_hw_interface' returned '1': CMAKE_PREFIX_PATH=/opt/ros/humble /usr/bin/cmake /home/simon/Workspace/odrive_hw_interface -DCMAKE_INSTALL_PREFIX=/home/simon/Workspace/odrive_hw_interface/install/odrive_hw_interface
